2024-04-19 14:24:12 INFO log.py: Yasb - Yet Another Status Bar
2024-04-19 14:24:12 ERROR errorhandler.py: Property: Invalid value for "CSS Level 2.1" property: px [302:1: font-size]
2024-04-19 14:24:12 ERROR errorhandler.py: Property: Invalid value for "CSS Level 2.1" property: px [316:1: font-size]
2024-04-19 14:24:12 ERROR errorhandler.py: Property: Invalid value for "CSS Level 2.1" property: px [329:1: font-size]
2024-04-19 14:24:13 ERROR widget_builder.py: Failed to import widget 'Ztest'
Traceback (most recent call last):
  File "C:\ms1\yasb\core\utils\widget_builder.py", line 48, in _build_widget
    raise Exception(f"The widget {widget_cls.__name__} has no validation_schema")
Exception: The widget GPUUsageWidget has no validation_schema
2024-04-19 14:24:13 INFO bar_manager.py: Starting KomorebiEventListener...
2024-04-19 14:24:13 INFO event_listener.py: Created named pipe yasb-34728c9b-fe26-11ee-b58c-a85e4555ad30
2024-04-19 14:24:13 INFO event_listener.py: Waiting for Komorebi to subscribe to named pipe yasb-34728c9b-fe26-11ee-b58c-a85e4555ad30
2024-04-19 14:24:13 INFO watcher.py: Created file watcher for path C:\ms1\yasb
2024-04-19 14:24:13 INFO event_listener.py: Komorebi connected to named pipe: yasb-34728c9b-fe26-11ee-b58c-a85e4555ad30
2024-04-19 14:24:22 ERROR errorhandler.py: Property: Invalid value for "CSS Level 2.1" property: px [302:1: font-size]
2024-04-19 14:24:22 ERROR errorhandler.py: Property: Invalid value for "CSS Level 2.1" property: px [316:1: font-size]
2024-04-19 14:24:22 ERROR errorhandler.py: Property: Invalid value for "CSS Level 2.1" property: px [329:1: font-size]
2024-04-19 14:24:22 ERROR errorhandler.py: Property: Invalid value for "CSS Level 2.1" property: px [302:1: font-size]
2024-04-19 14:24:22 ERROR errorhandler.py: Property: Invalid value for "CSS Level 2.1" property: px [316:1: font-size]
2024-04-19 14:24:22 ERROR errorhandler.py: Property: Invalid value for "CSS Level 2.1" property: px [329:1: font-size]
2024-04-19 14:24:22 ERROR errorhandler.py: Property: Invalid value for "CSS Level 2.1" property: px [302:1: font-size]
2024-04-19 14:24:22 ERROR errorhandler.py: Property: Invalid value for "CSS Level 2.1" property: px [316:1: font-size]
2024-04-19 14:24:22 ERROR errorhandler.py: Property: Invalid value for "CSS Level 2.1" property: px [329:1: font-size]
2024-04-19 14:24:22 ERROR errorhandler.py: Property: Invalid value for "CSS Level 2.1" property: px [302:1: font-size]
2024-04-19 14:24:22 ERROR errorhandler.py: Property: Invalid value for "CSS Level 2.1" property: px [316:1: font-size]
2024-04-19 14:24:22 ERROR errorhandler.py: Property: Invalid value for "CSS Level 2.1" property: px [329:1: font-size]
2024-04-19 14:24:23 ERROR errorhandler.py: Property: Invalid value for "CSS Level 2.1" property: px [302:1: font-size]
2024-04-19 14:24:23 ERROR errorhandler.py: Property: Invalid value for "CSS Level 2.1" property: px [316:1: font-size]
2024-04-19 14:24:23 ERROR errorhandler.py: Property: Invalid value for "CSS Level 2.1" property: px [329:1: font-size]
2024-04-19 14:24:23 ERROR errorhandler.py: Property: Invalid value for "CSS Level 2.1" property: px [302:1: font-size]
2024-04-19 14:24:23 ERROR errorhandler.py: Property: Invalid value for "CSS Level 2.1" property: px [316:1: font-size]
2024-04-19 14:24:23 ERROR errorhandler.py: Property: Invalid value for "CSS Level 2.1" property: px [329:1: font-size]
2024-04-19 14:24:23 ERROR errorhandler.py: Property: Invalid value for "CSS Level 2.1" property: px [302:1: font-size]
2024-04-19 14:24:23 ERROR errorhandler.py: Property: Invalid value for "CSS Level 2.1" property: px [316:1: font-size]
2024-04-19 14:24:23 ERROR errorhandler.py: Property: Invalid value for "CSS Level 2.1" property: px [329:1: font-size]
2024-04-19 14:24:23 ERROR errorhandler.py: Property: Invalid value for "CSS Level 2.1" property: px [302:1: font-size]
2024-04-19 14:24:23 ERROR errorhandler.py: Property: Invalid value for "CSS Level 2.1" property: px [316:1: font-size]
2024-04-19 14:24:23 ERROR errorhandler.py: Property: Invalid value for "CSS Level 2.1" property: px [329:1: font-size]
2024-04-19 14:24:23 ERROR errorhandler.py: Property: Invalid value for "CSS Level 2.1" property: px [302:1: font-size]
2024-04-19 14:24:23 ERROR errorhandler.py: Property: Invalid value for "CSS Level 2.1" property: px [316:1: font-size]
2024-04-19 14:24:23 ERROR errorhandler.py: Property: Invalid value for "CSS Level 2.1" property: px [329:1: font-size]
2024-04-19 14:24:23 ERROR errorhandler.py: Property: Invalid value for "CSS Level 2.1" property: px [302:1: font-size]
2024-04-19 14:24:23 ERROR errorhandler.py: Property: Invalid value for "CSS Level 2.1" property: px [316:1: font-size]
2024-04-19 14:24:23 ERROR errorhandler.py: Property: Invalid value for "CSS Level 2.1" property: px [329:1: font-size]
2024-04-19 14:24:23 ERROR errorhandler.py: Property: Invalid value for "CSS Level 2.1" property: px [302:1: font-size]
2024-04-19 14:24:23 ERROR errorhandler.py: Property: Invalid value for "CSS Level 2.1" property: px [316:1: font-size]
2024-04-19 14:24:23 ERROR errorhandler.py: Property: Invalid value for "CSS Level 2.1" property: px [329:1: font-size]
2024-04-19 14:24:23 ERROR errorhandler.py: Property: Invalid value for "CSS Level 2.1" property: px [302:1: font-size]
2024-04-19 14:24:23 ERROR errorhandler.py: Property: Invalid value for "CSS Level 2.1" property: px [316:1: font-size]
2024-04-19 14:24:23 ERROR errorhandler.py: Property: Invalid value for "CSS Level 2.1" property: px [329:1: font-size]
2024-04-19 14:24:23 ERROR errorhandler.py: Property: Invalid value for "CSS Level 2.1" property: px [302:1: font-size]
2024-04-19 14:24:23 ERROR errorhandler.py: Property: Invalid value for "CSS Level 2.1" property: px [316:1: font-size]
2024-04-19 14:24:23 ERROR errorhandler.py: Property: Invalid value for "CSS Level 2.1" property: px [329:1: font-size]
2024-04-19 14:24:23 ERROR errorhandler.py: Property: Invalid value for "CSS Level 2.1" property: px [302:1: font-size]
2024-04-19 14:24:23 ERROR errorhandler.py: Property: Invalid value for "CSS Level 2.1" property: px [316:1: font-size]
2024-04-19 14:24:23 ERROR errorhandler.py: Property: Invalid value for "CSS Level 2.1" property: px [329:1: font-size]
2024-04-19 14:24:23 ERROR errorhandler.py: Property: Invalid value for "CSS Level 2.1" property: px [302:1: font-size]
2024-04-19 14:24:23 ERROR errorhandler.py: Property: Invalid value for "CSS Level 2.1" property: px [316:1: font-size]
2024-04-19 14:24:23 ERROR errorhandler.py: Property: Invalid value for "CSS Level 2.1" property: px [329:1: font-size]
