4/1/2024 3:20:07 AM
GlazeWM.Infrastructure.Exceptions.FatalUserException: Failed to parse user config. (Line: 101, Col: 3, Idx: 2857) - (Line: 101, Col: 3, Idx: 2857): While parsing a block collection, did not find expected '-' indicator.
   at GlazeWM.Domain.UserConfigs.CommandHandlers.EvaluateUserConfigHandler.DeserializeUserConfig(String userConfigPath) in D:\a\glazewm\glazewm\GlazeWM.Domain\UserConfigs\CommandHandlers\EvaluateUserConfigHandler.cs:line 109
   at GlazeWM.Domain.UserConfigs.CommandHandlers.EvaluateUserConfigHandler.Handle(EvaluateUserConfigCommand command) in D:\a\glazewm\glazewm\GlazeWM.Domain\UserConfigs\CommandHandlers\EvaluateUserConfigHandler.cs:line 49
   at GlazeWM.Infrastructure.Bussing.Bus.Invoke[T](T command) in D:\a\glazewm\glazewm\GlazeWM.Infrastructure\Bussing\Bus.cs:line 41
   at GlazeWM.Domain.Common.CommandHandlers.PopulateInitialStateHandler.Handle(PopulateInitialStateCommand command) in D:\a\glazewm\glazewm\GlazeWM.Domain\Common\CommandHandlers\PopulateInitialStateHandler.cs:line 41
   at GlazeWM.Infrastructure.Bussing.Bus.Invoke[T](T command) in D:\a\glazewm\glazewm\GlazeWM.Infrastructure\Bussing\Bus.cs:line 41
   at GlazeWM.App.WindowManager.WmStartup.Run()
Command history: HandleFatalExceptionCommand, EvaluateUserConfigCommand, PopulateInitialStateCommand 
State dump: {"id":"97c7a9f7-8f2f-4aed-89dc-a52b4b2c94f6","x":0,"y":0,"width":0,"height":0,"type":"root","focus_index":0,"children":[]}

4/1/2024 3:20:58 PM
GlazeWM.Infrastructure.Exceptions.FatalUserException: Failed to parse user config. (Line: 114, Col: 1, Idx: 3550) - (Line: 114, Col: 2, Idx: 3551): While parsing a block mapping, did not find expected key.
   at GlazeWM.Domain.UserConfigs.CommandHandlers.EvaluateUserConfigHandler.DeserializeUserConfig(String userConfigPath) in D:\a\glazewm\glazewm\GlazeWM.Domain\UserConfigs\CommandHandlers\EvaluateUserConfigHandler.cs:line 109
   at GlazeWM.Domain.UserConfigs.CommandHandlers.EvaluateUserConfigHandler.Handle(EvaluateUserConfigCommand command) in D:\a\glazewm\glazewm\GlazeWM.Domain\UserConfigs\CommandHandlers\EvaluateUserConfigHandler.cs:line 49
   at GlazeWM.Infrastructure.Bussing.Bus.Invoke[T](T command) in D:\a\glazewm\glazewm\GlazeWM.Infrastructure\Bussing\Bus.cs:line 41
   at GlazeWM.Domain.Common.CommandHandlers.PopulateInitialStateHandler.Handle(PopulateInitialStateCommand command) in D:\a\glazewm\glazewm\GlazeWM.Domain\Common\CommandHandlers\PopulateInitialStateHandler.cs:line 41
   at GlazeWM.Infrastructure.Bussing.Bus.Invoke[T](T command) in D:\a\glazewm\glazewm\GlazeWM.Infrastructure\Bussing\Bus.cs:line 41
   at GlazeWM.App.WindowManager.WmStartup.Run()
Command history: HandleFatalExceptionCommand, EvaluateUserConfigCommand, PopulateInitialStateCommand 
State dump: {"id":"74254d2e-7b3b-43f8-b540-173cd714cca1","x":0,"y":0,"width":0,"height":0,"type":"root","focus_index":0,"children":[]}

4/1/2024 3:22:34 PM
GlazeWM.Infrastructure.Exceptions.FatalUserException: Invalid resize amount 150.
   at GlazeWM.Domain.Windows.ResizeParsingService.ParseResizePercentage(Container containerToResize, ResizeDimension dimensionToResize, String resizeAmount) in D:\a\glazewm\glazewm\GlazeWM.Domain\Windows\ResizeParsingService.cs:line 35
   at GlazeWM.Domain.Windows.CommandHandlers.SetWindowSizeHandler.CalculateResizeAmount(SetWindowSizeCommand command) in D:\a\glazewm\glazewm\GlazeWM.Domain\Windows\CommandHandlers\SetWindowSizeHandler.cs:line 46
   at GlazeWM.Domain.Windows.CommandHandlers.SetWindowSizeHandler.Handle(SetWindowSizeCommand command) in D:\a\glazewm\glazewm\GlazeWM.Domain\Windows\CommandHandlers\SetWindowSizeHandler.cs:line 19
   at GlazeWM.Infrastructure.Bussing.Bus.Invoke[T](T command) in D:\a\glazewm\glazewm\GlazeWM.Infrastructure\Bussing\Bus.cs:line 41
   at CallSite.Target(Closure, CallSite, Bus, Object)
   at System.Dynamic.UpdateDelegates.UpdateAndExecuteVoid2[T0,T1](CallSite site, T0 arg0, T1 arg1)
   at GlazeWM.Domain.UserConfigs.CommandHandlers.RunWithSubjectContainerHandler.Handle(RunWithSubjectContainerCommand command) in D:\a\glazewm\glazewm\GlazeWM.Domain\UserConfigs\CommandHandlers\RunWithSubjectContainerHandler.cs:line 53
   at GlazeWM.Infrastructure.Bussing.Bus.Invoke[T](T command) in D:\a\glazewm\glazewm\GlazeWM.Infrastructure\Bussing\Bus.cs:line 41
   at GlazeWM.Domain.Windows.CommandHandlers.ManageWindowHandler.Handle(ManageWindowCommand command) in D:\a\glazewm\glazewm\GlazeWM.Domain\Windows\CommandHandlers\ManageWindowHandler.cs:line 72
   at GlazeWM.Infrastructure.Bussing.Bus.Invoke[T](T command) in D:\a\glazewm\glazewm\GlazeWM.Infrastructure\Bussing\Bus.cs:line 41
   at GlazeWM.Domain.Windows.EventHandlers.WindowShownHandler.Handle(WindowShownEvent event) in D:\a\glazewm\glazewm\GlazeWM.Domain\Windows\EventHandlers\WindowShownHandler.cs:line 46
   at GlazeWM.Infrastructure.Bussing.Bus.Emit[T](T event) in D:\a\glazewm\glazewm\GlazeWM.Infrastructure\Bussing\Bus.cs:line 87
   at GlazeWM.Infrastructure.Bussing.Bus.<>c__DisplayClass8_0`1.<EmitAsync>b__0() in D:\a\glazewm\glazewm\GlazeWM.Infrastructure\Bussing\Bus.cs:line 101
Command history: HandleFatalExceptionCommand, SetWindowSizeCommand, RunWithSubjectContainerCommand, SetFocusedDescendantCommand, ResizeContainerCommand, AttachContainerCommand, ManageWindowCommand, SetActiveWindowBorderCommand, SetFocusedDescendantCommand, SetActiveWindowBorderCommand, SetFocusedDescendantCommand, SetActiveWindowBorderCommand, SetFocusedDescendantCommand, SyncNativeFocusCommand, RedrawContainersCommand 
State dump: {"id":"239c2dbd-58cd-47e3-8763-f14cdc8b27bb","x":0,"y":0,"width":0,"height":0,"type":"root","focus_index":0,"children":[{"device_name":"\\\\.\\DISPLAY1","id":"aad64d35-c347-4304-aee5-623e089709a3","x":0,"y":0,"width":1920,"height":1032,"type":"monitor","focus_index":0,"children":[{"tiling_direction":"horizontal","size_percentage":1,"name":"1","id":"c54d6efa-f40a-4121-a7ee-aba1ec83e69a","x":1,"y":32,"width":1918,"height":999,"type":"workspace","focus_index":0,"children":[{"floating_placement":{"left":-6,"top":32,"right":966,"bottom":1038,"x":-6,"y":32,"width":972,"height":1006},"border_delta":{"left":7,"top":0,"right":7,"bottom":7},"handle":131236,"previous_state":"tiling","id":"073e5cc3-03cb-4663-8f2a-12dc306325ef","x":0,"y":0,"width":0,"height":0,"type":"window","focus_index":3,"children":[]},{"floating_placement":{"left":-6,"top":32,"right":966,"bottom":1038,"x":-6,"y":32,"width":972,"height":1006},"border_delta":{"left":7,"top":0,"right":7,"bottom":7},"handle":67484,"previous_state":"tiling","id":"20267514-7743-4116-b227-b69c65a0324d","x":0,"y":0,"width":0,"height":0,"type":"window","focus_index":4,"children":[]},{"floating_placement":{"left":-6,"top":32,"right":966,"bottom":1038,"x":-6,"y":32,"width":972,"height":1006},"border_delta":{"left":7,"top":0,"right":7,"bottom":7},"handle":131338,"size_percentage":0.33333333333333337,"id":"7100fa87-4b4d-4cae-96a9-f0027a3e998b","x":1,"y":32,"width":638,"height":999,"type":"window","focus_index":2,"children":[]},{"floating_placement":{"left":1,"top":32,"right":1919,"bottom":1031,"x":1,"y":32,"width":1918,"height":999},"border_delta":{"left":0,"top":0,"right":0,"bottom":0},"handle":262646,"size_percentage":0.33333333333333337,"id":"17c3c4aa-a2ff-42da-8422-4e4bbab884e6","x":640,"y":32,"width":638,"height":999,"type":"window","focus_index":1,"children":[]},{"floating_placement":{"left":953,"top":32,"right":1925,"bottom":1038,"x":953,"y":32,"width":972,"height":1006},"border_delta":{"left":7,"top":0,"right":7,"bottom":7},"handle":66862,"size_percentage":0.3333333333333333,"id":"1a165cd2-3ec7-4a20-8c04-1e0991d7183a","x":1279,"y":32,"width":638,"height":999,"type":"window","focus_index":0,"children":[]}]}]}]}

4/1/2024 3:23:07 PM
GlazeWM.Infrastructure.Exceptions.FatalUserException: Invalid resize amount 150.
   at GlazeWM.Domain.Windows.ResizeParsingService.ParseResizePercentage(Container containerToResize, ResizeDimension dimensionToResize, String resizeAmount) in D:\a\glazewm\glazewm\GlazeWM.Domain\Windows\ResizeParsingService.cs:line 35
   at GlazeWM.Domain.Windows.CommandHandlers.SetWindowSizeHandler.CalculateResizeAmount(SetWindowSizeCommand command) in D:\a\glazewm\glazewm\GlazeWM.Domain\Windows\CommandHandlers\SetWindowSizeHandler.cs:line 46
   at GlazeWM.Domain.Windows.CommandHandlers.SetWindowSizeHandler.Handle(SetWindowSizeCommand command) in D:\a\glazewm\glazewm\GlazeWM.Domain\Windows\CommandHandlers\SetWindowSizeHandler.cs:line 19
   at GlazeWM.Infrastructure.Bussing.Bus.Invoke[T](T command) in D:\a\glazewm\glazewm\GlazeWM.Infrastructure\Bussing\Bus.cs:line 41
   at CallSite.Target(Closure, CallSite, Bus, Object)
   at System.Dynamic.UpdateDelegates.UpdateAndExecuteVoid2[T0,T1](CallSite site, T0 arg0, T1 arg1)
   at GlazeWM.Domain.UserConfigs.CommandHandlers.RunWithSubjectContainerHandler.Handle(RunWithSubjectContainerCommand command) in D:\a\glazewm\glazewm\GlazeWM.Domain\UserConfigs\CommandHandlers\RunWithSubjectContainerHandler.cs:line 53
   at GlazeWM.Infrastructure.Bussing.Bus.Invoke[T](T command) in D:\a\glazewm\glazewm\GlazeWM.Infrastructure\Bussing\Bus.cs:line 41
   at GlazeWM.Domain.Windows.CommandHandlers.ManageWindowHandler.Handle(ManageWindowCommand command) in D:\a\glazewm\glazewm\GlazeWM.Domain\Windows\CommandHandlers\ManageWindowHandler.cs:line 72
   at GlazeWM.Infrastructure.Bussing.Bus.Invoke[T](T command) in D:\a\glazewm\glazewm\GlazeWM.Infrastructure\Bussing\Bus.cs:line 41
   at GlazeWM.Domain.Windows.EventHandlers.WindowShownHandler.Handle(WindowShownEvent event) in D:\a\glazewm\glazewm\GlazeWM.Domain\Windows\EventHandlers\WindowShownHandler.cs:line 46
   at GlazeWM.Infrastructure.Bussing.Bus.Emit[T](T event) in D:\a\glazewm\glazewm\GlazeWM.Infrastructure\Bussing\Bus.cs:line 79
   at GlazeWM.Infrastructure.Bussing.Bus.<>c__DisplayClass8_0`1.<EmitAsync>b__0() in D:\a\glazewm\glazewm\GlazeWM.Infrastructure\Bussing\Bus.cs:line 95
Command history: HandleFatalExceptionCommand, SetWindowSizeCommand, RunWithSubjectContainerCommand, SetFocusedDescendantCommand, ResizeContainerCommand, AttachContainerCommand, ManageWindowCommand, SyncNativeFocusCommand, RedrawContainersCommand, SetFocusedDescendantCommand, RunWithSubjectContainerCommand, SetFocusedDescendantCommand, AttachContainerCommand, ManageWindowCommand, RunWithSubjectContainerCommand 
State dump: {"id":"3642c00f-d045-4ab5-b532-9abc7150aabe","x":0,"y":0,"width":0,"height":0,"type":"root","focus_index":0,"children":[{"device_name":"\\\\.\\DISPLAY1","id":"96e91231-89da-4c48-8132-11c207c5d1c8","x":0,"y":0,"width":1920,"height":1032,"type":"monitor","focus_index":0,"children":[{"tiling_direction":"horizontal","size_percentage":1,"name":"1","id":"f338e454-cc48-4039-a9f0-8118b51d84da","x":1,"y":32,"width":1918,"height":999,"type":"workspace","focus_index":0,"children":[{"floating_placement":{"left":-6,"top":32,"right":966,"bottom":1038,"x":-6,"y":32,"width":972,"height":1006},"border_delta":{"left":7,"top":0,"right":7,"bottom":7},"handle":131236,"previous_state":"tiling","id":"f7a92c73-4cfe-47c7-93ea-acd54d5f83af","x":0,"y":0,"width":0,"height":0,"type":"window","focus_index":2,"children":[]},{"floating_placement":{"left":-6,"top":32,"right":966,"bottom":1038,"x":-6,"y":32,"width":972,"height":1006},"border_delta":{"left":7,"top":0,"right":7,"bottom":7},"handle":67484,"previous_state":"tiling","id":"fac34fc8-737a-43d5-9b15-08c5a887a790","x":0,"y":0,"width":0,"height":0,"type":"window","focus_index":3,"children":[]},{"floating_placement":{"left":-6,"top":32,"right":966,"bottom":1038,"x":-6,"y":32,"width":972,"height":1006},"border_delta":{"left":7,"top":0,"right":7,"bottom":7},"handle":131338,"size_percentage":0.33333333333333337,"id":"a253d5c7-62b6-4a59-bd5d-639471e4bd54","x":1,"y":32,"width":638,"height":999,"type":"window","focus_index":4,"children":[]},{"floating_placement":{"left":960,"top":32,"right":1918,"bottom":1031,"x":960,"y":32,"width":958,"height":999},"border_delta":{"left":0,"top":0,"right":0,"bottom":0},"handle":262646,"size_percentage":0.33333333333333337,"id":"5497c73e-b4fa-41a0-81c7-0becf69d5119","x":640,"y":32,"width":638,"height":999,"type":"window","focus_index":1,"children":[]},{"floating_placement":{"left":953,"top":32,"right":1925,"bottom":1038,"x":953,"y":32,"width":972,"height":1006},"border_delta":{"left":7,"top":0,"right":7,"bottom":7},"handle":66862,"size_percentage":0.3333333333333333,"id":"6f1998aa-2566-4f79-9d56-3e276ee0dbca","x":1279,"y":32,"width":638,"height":999,"type":"window","focus_index":0,"children":[]}]}]}]}

4/1/2024 3:23:41 PM
GlazeWM.Infrastructure.Exceptions.FatalUserException: Invalid resize amount 150.
   at GlazeWM.Domain.Windows.ResizeParsingService.ParseResizePercentage(Container containerToResize, ResizeDimension dimensionToResize, String resizeAmount) in D:\a\glazewm\glazewm\GlazeWM.Domain\Windows\ResizeParsingService.cs:line 35
   at GlazeWM.Domain.Windows.CommandHandlers.SetWindowSizeHandler.CalculateResizeAmount(SetWindowSizeCommand command) in D:\a\glazewm\glazewm\GlazeWM.Domain\Windows\CommandHandlers\SetWindowSizeHandler.cs:line 46
   at GlazeWM.Domain.Windows.CommandHandlers.SetWindowSizeHandler.Handle(SetWindowSizeCommand command) in D:\a\glazewm\glazewm\GlazeWM.Domain\Windows\CommandHandlers\SetWindowSizeHandler.cs:line 19
   at GlazeWM.Infrastructure.Bussing.Bus.Invoke[T](T command) in D:\a\glazewm\glazewm\GlazeWM.Infrastructure\Bussing\Bus.cs:line 41
   at CallSite.Target(Closure, CallSite, Bus, Object)
   at System.Dynamic.UpdateDelegates.UpdateAndExecuteVoid2[T0,T1](CallSite site, T0 arg0, T1 arg1)
   at GlazeWM.Domain.UserConfigs.CommandHandlers.RunWithSubjectContainerHandler.Handle(RunWithSubjectContainerCommand command) in D:\a\glazewm\glazewm\GlazeWM.Domain\UserConfigs\CommandHandlers\RunWithSubjectContainerHandler.cs:line 53
   at GlazeWM.Infrastructure.Bussing.Bus.Invoke[T](T command) in D:\a\glazewm\glazewm\GlazeWM.Infrastructure\Bussing\Bus.cs:line 41
   at GlazeWM.Domain.Windows.CommandHandlers.ManageWindowHandler.Handle(ManageWindowCommand command) in D:\a\glazewm\glazewm\GlazeWM.Domain\Windows\CommandHandlers\ManageWindowHandler.cs:line 72
   at GlazeWM.Infrastructure.Bussing.Bus.Invoke[T](T command) in D:\a\glazewm\glazewm\GlazeWM.Infrastructure\Bussing\Bus.cs:line 41
   at GlazeWM.Domain.Windows.EventHandlers.WindowShownHandler.Handle(WindowShownEvent event) in D:\a\glazewm\glazewm\GlazeWM.Domain\Windows\EventHandlers\WindowShownHandler.cs:line 46
   at GlazeWM.Infrastructure.Bussing.Bus.Emit[T](T event) in D:\a\glazewm\glazewm\GlazeWM.Infrastructure\Bussing\Bus.cs:line 79
   at GlazeWM.Infrastructure.Bussing.Bus.<>c__DisplayClass8_0`1.<EmitAsync>b__0() in D:\a\glazewm\glazewm\GlazeWM.Infrastructure\Bussing\Bus.cs:line 95
Command history: HandleFatalExceptionCommand, SetWindowSizeCommand, RunWithSubjectContainerCommand, SetFocusedDescendantCommand, ResizeContainerCommand, AttachContainerCommand, ManageWindowCommand, SyncNativeFocusCommand, RedrawContainersCommand, SetFocusedDescendantCommand, RunWithSubjectContainerCommand, SetFocusedDescendantCommand, AttachContainerCommand, ManageWindowCommand, RunWithSubjectContainerCommand 
State dump: {"id":"25f5431e-cb3b-4310-9e81-c3d910623017","x":0,"y":0,"width":0,"height":0,"type":"root","focus_index":0,"children":[{"device_name":"\\\\.\\DISPLAY1","id":"aa9f1376-90eb-43cc-965a-006376d8a7d3","x":0,"y":0,"width":1920,"height":1032,"type":"monitor","focus_index":0,"children":[{"tiling_direction":"horizontal","size_percentage":1,"name":"1","id":"f1b1c6e9-ee8c-4588-bf31-400a612f781b","x":1,"y":32,"width":1918,"height":999,"type":"workspace","focus_index":0,"children":[{"floating_placement":{"left":-6,"top":32,"right":966,"bottom":1038,"x":-6,"y":32,"width":972,"height":1006},"border_delta":{"left":7,"top":0,"right":7,"bottom":7},"handle":131236,"previous_state":"tiling","id":"7bc0c141-d31b-4f5f-8819-0907c6f2c89d","x":0,"y":0,"width":0,"height":0,"type":"window","focus_index":1,"children":[]},{"floating_placement":{"left":953,"top":32,"right":1925,"bottom":1038,"x":953,"y":32,"width":972,"height":1006},"border_delta":{"left":7,"top":0,"right":7,"bottom":7},"handle":66862,"size_percentage":0.3333333333333333,"id":"849ed477-118b-4c65-87c1-3d28664546d0","x":1,"y":32,"width":638,"height":999,"type":"window","focus_index":0,"children":[]},{"floating_placement":{"left":-6,"top":32,"right":966,"bottom":1038,"x":-6,"y":32,"width":972,"height":1006},"border_delta":{"left":7,"top":0,"right":7,"bottom":7},"handle":67484,"previous_state":"tiling","id":"c1510770-66e6-40e2-839c-1d5f47049e10","x":0,"y":0,"width":0,"height":0,"type":"window","focus_index":2,"children":[]},{"floating_placement":{"left":-6,"top":32,"right":966,"bottom":1038,"x":-6,"y":32,"width":972,"height":1006},"border_delta":{"left":7,"top":0,"right":7,"bottom":7},"handle":131338,"size_percentage":0.33333333333333337,"id":"480be093-cc2c-4427-aee8-4e02300c076e","x":640,"y":32,"width":638,"height":999,"type":"window","focus_index":3,"children":[]},{"floating_placement":{"left":960,"top":32,"right":1918,"bottom":1031,"x":960,"y":32,"width":958,"height":999},"border_delta":{"left":0,"top":0,"right":0,"bottom":0},"handle":262646,"size_percentage":0.33333333333333337,"id":"e7e8aa7f-5560-406c-b5d6-33c540d0ac16","x":1279,"y":32,"width":638,"height":999,"type":"window","focus_index":4,"children":[]}]}]}]}

4/1/2024 3:24:13 PM
GlazeWM.Infrastructure.Exceptions.FatalUserException: Failed to parse user config. (Line: 114, Col: 1, Idx: 3550) - (Line: 114, Col: 2, Idx: 3551): While parsing a block mapping, did not find expected key.
   at GlazeWM.Domain.UserConfigs.CommandHandlers.EvaluateUserConfigHandler.DeserializeUserConfig(String userConfigPath) in D:\a\glazewm\glazewm\GlazeWM.Domain\UserConfigs\CommandHandlers\EvaluateUserConfigHandler.cs:line 109
   at GlazeWM.Domain.UserConfigs.CommandHandlers.EvaluateUserConfigHandler.Handle(EvaluateUserConfigCommand command) in D:\a\glazewm\glazewm\GlazeWM.Domain\UserConfigs\CommandHandlers\EvaluateUserConfigHandler.cs:line 49
   at GlazeWM.Infrastructure.Bussing.Bus.Invoke[T](T command) in D:\a\glazewm\glazewm\GlazeWM.Infrastructure\Bussing\Bus.cs:line 41
   at GlazeWM.Domain.Common.CommandHandlers.PopulateInitialStateHandler.Handle(PopulateInitialStateCommand command) in D:\a\glazewm\glazewm\GlazeWM.Domain\Common\CommandHandlers\PopulateInitialStateHandler.cs:line 41
   at GlazeWM.Infrastructure.Bussing.Bus.Invoke[T](T command) in D:\a\glazewm\glazewm\GlazeWM.Infrastructure\Bussing\Bus.cs:line 41
   at GlazeWM.App.WindowManager.WmStartup.Run()
Command history: HandleFatalExceptionCommand, EvaluateUserConfigCommand, PopulateInitialStateCommand 
State dump: {"id":"0e889078-6790-4dfd-9ef9-f655e4a59f95","x":0,"y":0,"width":0,"height":0,"type":"root","focus_index":0,"children":[]}

4/1/2024 3:24:40 PM
GlazeWM.Infrastructure.Exceptions.FatalUserException: Failed to parse user config. Invalid command 'resize 150px'.
   at GlazeWM.Domain.UserConfigs.CommandHandlers.EvaluateUserConfigHandler.ValidateDeserializedConfig(UserConfig deserializedConfig) in D:\a\glazewm\glazewm\GlazeWM.Domain\UserConfigs\CommandHandlers\EvaluateUserConfigHandler.cs:line 209
   at GlazeWM.Domain.UserConfigs.CommandHandlers.EvaluateUserConfigHandler.Handle(EvaluateUserConfigCommand command) in D:\a\glazewm\glazewm\GlazeWM.Domain\UserConfigs\CommandHandlers\EvaluateUserConfigHandler.cs:line 58
   at GlazeWM.Infrastructure.Bussing.Bus.Invoke[T](T command) in D:\a\glazewm\glazewm\GlazeWM.Infrastructure\Bussing\Bus.cs:line 41
   at GlazeWM.Domain.Common.CommandHandlers.PopulateInitialStateHandler.Handle(PopulateInitialStateCommand command) in D:\a\glazewm\glazewm\GlazeWM.Domain\Common\CommandHandlers\PopulateInitialStateHandler.cs:line 41
   at GlazeWM.Infrastructure.Bussing.Bus.Invoke[T](T command) in D:\a\glazewm\glazewm\GlazeWM.Infrastructure\Bussing\Bus.cs:line 41
   at GlazeWM.App.WindowManager.WmStartup.Run()
Command history: HandleFatalExceptionCommand, EvaluateUserConfigCommand, PopulateInitialStateCommand 
State dump: {"id":"a0d5c6f2-555b-4b45-ac4e-6e2c432963ed","x":0,"y":0,"width":0,"height":0,"type":"root","focus_index":0,"children":[]}

4/1/2024 3:25:01 PM
GlazeWM.Infrastructure.Exceptions.FatalUserException: Failed to parse user config. Invalid command 'resize 150px 10px 50px 11px'.
   at GlazeWM.Domain.UserConfigs.CommandHandlers.EvaluateUserConfigHandler.ValidateDeserializedConfig(UserConfig deserializedConfig) in D:\a\glazewm\glazewm\GlazeWM.Domain\UserConfigs\CommandHandlers\EvaluateUserConfigHandler.cs:line 209
   at GlazeWM.Domain.UserConfigs.CommandHandlers.EvaluateUserConfigHandler.Handle(EvaluateUserConfigCommand command) in D:\a\glazewm\glazewm\GlazeWM.Domain\UserConfigs\CommandHandlers\EvaluateUserConfigHandler.cs:line 58
   at GlazeWM.Infrastructure.Bussing.Bus.Invoke[T](T command) in D:\a\glazewm\glazewm\GlazeWM.Infrastructure\Bussing\Bus.cs:line 41
   at GlazeWM.Domain.Common.CommandHandlers.PopulateInitialStateHandler.Handle(PopulateInitialStateCommand command) in D:\a\glazewm\glazewm\GlazeWM.Domain\Common\CommandHandlers\PopulateInitialStateHandler.cs:line 41
   at GlazeWM.Infrastructure.Bussing.Bus.Invoke[T](T command) in D:\a\glazewm\glazewm\GlazeWM.Infrastructure\Bussing\Bus.cs:line 41
   at GlazeWM.App.WindowManager.WmStartup.Run()
Command history: HandleFatalExceptionCommand, EvaluateUserConfigCommand, PopulateInitialStateCommand 
State dump: {"id":"5bc7a49e-8ba2-4459-b7f5-44f13373f43e","x":0,"y":0,"width":0,"height":0,"type":"root","focus_index":0,"children":[]}

4/1/2024 3:27:39 PM
GlazeWM.Infrastructure.Exceptions.FatalUserException: Failed to parse user config. Invalid command 'resize window -150px'.
   at GlazeWM.Domain.UserConfigs.CommandHandlers.EvaluateUserConfigHandler.ValidateDeserializedConfig(UserConfig deserializedConfig) in D:\a\glazewm\glazewm\GlazeWM.Domain\UserConfigs\CommandHandlers\EvaluateUserConfigHandler.cs:line 209
   at GlazeWM.Domain.UserConfigs.CommandHandlers.EvaluateUserConfigHandler.Handle(EvaluateUserConfigCommand command) in D:\a\glazewm\glazewm\GlazeWM.Domain\UserConfigs\CommandHandlers\EvaluateUserConfigHandler.cs:line 58
   at GlazeWM.Infrastructure.Bussing.Bus.Invoke[T](T command) in D:\a\glazewm\glazewm\GlazeWM.Infrastructure\Bussing\Bus.cs:line 41
   at GlazeWM.Domain.Common.CommandHandlers.PopulateInitialStateHandler.Handle(PopulateInitialStateCommand command) in D:\a\glazewm\glazewm\GlazeWM.Domain\Common\CommandHandlers\PopulateInitialStateHandler.cs:line 41
   at GlazeWM.Infrastructure.Bussing.Bus.Invoke[T](T command) in D:\a\glazewm\glazewm\GlazeWM.Infrastructure\Bussing\Bus.cs:line 41
   at GlazeWM.App.WindowManager.WmStartup.Run()
Command history: HandleFatalExceptionCommand, EvaluateUserConfigCommand, PopulateInitialStateCommand 
State dump: {"id":"d7e38d6b-27c8-4542-8933-5f74d1fa584f","x":0,"y":0,"width":0,"height":0,"type":"root","focus_index":0,"children":[]}

4/1/2024 3:27:50 PM
GlazeWM.Infrastructure.Exceptions.FatalUserException: Failed to parse user config. Invalid command 'resize frame -150px'.
   at GlazeWM.Domain.UserConfigs.CommandHandlers.EvaluateUserConfigHandler.ValidateDeserializedConfig(UserConfig deserializedConfig) in D:\a\glazewm\glazewm\GlazeWM.Domain\UserConfigs\CommandHandlers\EvaluateUserConfigHandler.cs:line 209
   at GlazeWM.Domain.UserConfigs.CommandHandlers.EvaluateUserConfigHandler.Handle(EvaluateUserConfigCommand command) in D:\a\glazewm\glazewm\GlazeWM.Domain\UserConfigs\CommandHandlers\EvaluateUserConfigHandler.cs:line 58
   at GlazeWM.Infrastructure.Bussing.Bus.Invoke[T](T command) in D:\a\glazewm\glazewm\GlazeWM.Infrastructure\Bussing\Bus.cs:line 41
   at GlazeWM.Domain.Common.CommandHandlers.PopulateInitialStateHandler.Handle(PopulateInitialStateCommand command) in D:\a\glazewm\glazewm\GlazeWM.Domain\Common\CommandHandlers\PopulateInitialStateHandler.cs:line 41
   at GlazeWM.Infrastructure.Bussing.Bus.Invoke[T](T command) in D:\a\glazewm\glazewm\GlazeWM.Infrastructure\Bussing\Bus.cs:line 41
   at GlazeWM.App.WindowManager.WmStartup.Run()
Command history: HandleFatalExceptionCommand, EvaluateUserConfigCommand, PopulateInitialStateCommand 
State dump: {"id":"9029ea96-1d55-4650-811e-5526928ca4f8","x":0,"y":0,"width":0,"height":0,"type":"root","focus_index":0,"children":[]}

4/1/2024 8:55:34 PM
GlazeWM.Infrastructure.Exceptions.FatalUserException: Failed to parse user config. At least 1 matching regex (eg. 'match_process_name') is required in window rule config.
   at GlazeWM.Domain.UserConfigs.CommandHandlers.EvaluateUserConfigHandler.ValidateDeserializedConfig(UserConfig deserializedConfig) in D:\a\glazewm\glazewm\GlazeWM.Domain\UserConfigs\CommandHandlers\EvaluateUserConfigHandler.cs:line 209
   at GlazeWM.Domain.UserConfigs.CommandHandlers.EvaluateUserConfigHandler.Handle(EvaluateUserConfigCommand command) in D:\a\glazewm\glazewm\GlazeWM.Domain\UserConfigs\CommandHandlers\EvaluateUserConfigHandler.cs:line 58
   at GlazeWM.Infrastructure.Bussing.Bus.Invoke[T](T command) in D:\a\glazewm\glazewm\GlazeWM.Infrastructure\Bussing\Bus.cs:line 48
   at GlazeWM.Domain.UserConfigs.CommandHandlers.ReloadUserConfigHandler.Handle(ReloadUserConfigCommand command) in D:\a\glazewm\glazewm\GlazeWM.Domain\UserConfigs\CommandHandlers\ReloadUserConfigHandler.cs:line 35
   at GlazeWM.Infrastructure.Bussing.Bus.Invoke[T](T command) in D:\a\glazewm\glazewm\GlazeWM.Infrastructure\Bussing\Bus.cs:line 48
   at CallSite.Target(Closure, CallSite, Bus, Object)
   at System.Dynamic.UpdateDelegates.UpdateAndExecuteVoid2[T0,T1](CallSite site, T0 arg0, T1 arg1)
   at GlazeWM.Domain.UserConfigs.CommandHandlers.RunWithSubjectContainerHandler.Handle(RunWithSubjectContainerCommand command) in D:\a\glazewm\glazewm\GlazeWM.Domain\UserConfigs\CommandHandlers\RunWithSubjectContainerHandler.cs:line 28
   at GlazeWM.Infrastructure.Bussing.Bus.Invoke[T](T command) in D:\a\glazewm\glazewm\GlazeWM.Infrastructure\Bussing\Bus.cs:line 48
   at GlazeWM.Domain.UserConfigs.CommandHandlers.RegisterKeybindingsHandler.<>c__DisplayClass4_0.<Handle>b__1() in D:\a\glazewm\glazewm\GlazeWM.Domain\UserConfigs\CommandHandlers\RegisterKeybindingsHandler.cs:line 55
Command history: HandleFatalExceptionCommand, EvaluateUserConfigCommand, ReloadUserConfigCommand, RunWithSubjectContainerCommand, SyncNativeFocusCommand, RedrawContainersCommand, FocusInDirectionCommand, RunWithSubjectContainerCommand, SyncNativeFocusCommand, RedrawContainersCommand, FocusInDirectionCommand, RunWithSubjectContainerCommand, SyncNativeFocusCommand, RedrawContainersCommand, FocusInDirectionCommand 
State dump: {"id":"7de9a8e5-b446-4787-b790-1bbce5cb4437","x":0,"y":0,"width":0,"height":0,"type":"root","focus_index":0,"children":[{"device_name":"\\\\.\\DISPLAY1","id":"50d4d7b6-8f8c-4c21-a28a-6d1975f7f6af","x":0,"y":0,"width":1920,"height":1032,"type":"monitor","focus_index":0,"children":[{"tiling_direction":"horizontal","size_percentage":1,"name":"1","id":"e6771fb9-6bc5-4ced-bc0a-054f449787c0","x":1,"y":32,"width":1918,"height":999,"type":"workspace","focus_index":0,"children":[{"floating_placement":{"left":1336,"top":32,"right":1925,"bottom":1038,"x":1336,"y":32,"width":589,"height":1006},"border_delta":{"left":7,"top":0,"right":7,"bottom":7},"handle":196652,"previous_state":"tiling","id":"67dd6336-d57a-4c96-8dcf-1713033104fd","x":0,"y":0,"width":0,"height":0,"type":"window","focus_index":2,"children":[]},{"floating_placement":{"left":-6,"top":32,"right":967,"bottom":1038,"x":-6,"y":32,"width":973,"height":1006},"border_delta":{"left":7,"top":0,"right":7,"bottom":7},"handle":1247356,"previous_state":"tiling","id":"45b2676e-d9ba-453f-b45b-5bfccdb1963f","x":0,"y":0,"width":0,"height":0,"type":"window","focus_index":3,"children":[]},{"floating_placement":{"left":953,"top":32,"right":1926,"bottom":1038,"x":953,"y":32,"width":973,"height":1006},"border_delta":{"left":7,"top":0,"right":7,"bottom":7},"handle":985498,"previous_state":"tiling","id":"7fa2a8d3-40ff-4289-814d-aaa4563eb1d0","x":0,"y":0,"width":0,"height":0,"type":"window","focus_index":1,"children":[]},{"floating_placement":{"left":960,"top":32,"right":1919,"bottom":1031,"x":960,"y":32,"width":959,"height":999},"border_delta":{"left":0,"top":0,"right":0,"bottom":0},"handle":134318,"size_percentage":1,"id":"cd813e21-d257-49f3-b780-ce838c39bb92","x":1,"y":32,"width":1918,"height":999,"type":"window","focus_index":0,"children":[]}]}]}]}

4/1/2024 9:03:23 PM
GlazeWM.Infrastructure.Exceptions.FatalUserException: Failed to parse user config. (Line: 96, Col: 1, Idx: 2667) - (Line: 96, Col: 2, Idx: 2668): While parsing a block mapping, did not find expected key.
   at GlazeWM.Domain.UserConfigs.CommandHandlers.EvaluateUserConfigHandler.DeserializeUserConfig(String userConfigPath) in D:\a\glazewm\glazewm\GlazeWM.Domain\UserConfigs\CommandHandlers\EvaluateUserConfigHandler.cs:line 109
   at GlazeWM.Domain.UserConfigs.CommandHandlers.EvaluateUserConfigHandler.Handle(EvaluateUserConfigCommand command) in D:\a\glazewm\glazewm\GlazeWM.Domain\UserConfigs\CommandHandlers\EvaluateUserConfigHandler.cs:line 49
   at GlazeWM.Infrastructure.Bussing.Bus.Invoke[T](T command) in D:\a\glazewm\glazewm\GlazeWM.Infrastructure\Bussing\Bus.cs:line 48
   at GlazeWM.Domain.UserConfigs.CommandHandlers.ReloadUserConfigHandler.Handle(ReloadUserConfigCommand command) in D:\a\glazewm\glazewm\GlazeWM.Domain\UserConfigs\CommandHandlers\ReloadUserConfigHandler.cs:line 35
   at GlazeWM.Infrastructure.Bussing.Bus.Invoke[T](T command) in D:\a\glazewm\glazewm\GlazeWM.Infrastructure\Bussing\Bus.cs:line 48
   at CallSite.Target(Closure, CallSite, Bus, Object)
   at System.Dynamic.UpdateDelegates.UpdateAndExecuteVoid2[T0,T1](CallSite site, T0 arg0, T1 arg1)
   at GlazeWM.Domain.UserConfigs.CommandHandlers.RunWithSubjectContainerHandler.Handle(RunWithSubjectContainerCommand command) in D:\a\glazewm\glazewm\GlazeWM.Domain\UserConfigs\CommandHandlers\RunWithSubjectContainerHandler.cs:line 28
   at GlazeWM.Infrastructure.Bussing.Bus.Invoke[T](T command) in D:\a\glazewm\glazewm\GlazeWM.Infrastructure\Bussing\Bus.cs:line 48
   at GlazeWM.Domain.UserConfigs.CommandHandlers.RegisterKeybindingsHandler.<>c__DisplayClass4_0.<Handle>b__1() in D:\a\glazewm\glazewm\GlazeWM.Domain\UserConfigs\CommandHandlers\RegisterKeybindingsHandler.cs:line 55
Command history: HandleFatalExceptionCommand, EvaluateUserConfigCommand, ReloadUserConfigCommand, RunWithSubjectContainerCommand, SyncNativeFocusCommand, RedrawContainersCommand, DetachContainerCommand, IgnoreWindowCommand, RunWithSubjectContainerCommand, SetFocusedDescendantCommand, ResizeContainerCommand, AttachContainerCommand, ManageWindowCommand, SyncNativeFocusCommand, RedrawContainersCommand 
State dump: {"id":"0e726ec4-d6ac-4257-8037-8a5743119093","x":0,"y":0,"width":0,"height":0,"type":"root","focus_index":0,"children":[{"device_name":"\\\\.\\DISPLAY1","id":"eed24eac-3b25-4bca-b546-b3de202ebee0","x":0,"y":0,"width":1920,"height":1032,"type":"monitor","focus_index":0,"children":[{"tiling_direction":"horizontal","size_percentage":1,"name":"1","id":"8a94c2bd-4f2f-412b-a53f-ca241a983967","x":1,"y":32,"width":1918,"height":999,"type":"workspace","focus_index":0,"children":[{"floating_placement":{"left":953,"top":32,"right":1926,"bottom":1038,"x":953,"y":32,"width":973,"height":1006},"border_delta":{"left":7,"top":0,"right":7,"bottom":7},"handle":1247356,"previous_state":"tiling","id":"5eb7966c-7c83-48ec-9a78-05da390e4a15","x":0,"y":0,"width":0,"height":0,"type":"window","focus_index":2,"children":[]},{"floating_placement":{"left":953,"top":32,"right":1926,"bottom":1038,"x":953,"y":32,"width":973,"height":1006},"border_delta":{"left":7,"top":0,"right":7,"bottom":7},"handle":985498,"previous_state":"tiling","id":"170c1a08-0997-4752-8650-c94f7b9f776e","x":0,"y":0,"width":0,"height":0,"type":"window","focus_index":1,"children":[]},{"floating_placement":{"left":1,"top":32,"right":1919,"bottom":1031,"x":1,"y":32,"width":1918,"height":999},"border_delta":{"left":0,"top":0,"right":0,"bottom":0},"handle":134318,"size_percentage":1,"id":"e521d679-6c53-46de-a04c-c3b3deae1498","x":1,"y":32,"width":1918,"height":999,"type":"window","focus_index":0,"children":[]}]}]}]}

4/1/2024 9:03:40 PM
GlazeWM.Infrastructure.Exceptions.FatalUserException: Failed to parse user config. (Line: 102, Col: 3, Idx: 2887) - (Line: 102, Col: 4, Idx: 2888): While parsing a block mapping, did not find expected key.
   at GlazeWM.Domain.UserConfigs.CommandHandlers.EvaluateUserConfigHandler.DeserializeUserConfig(String userConfigPath) in D:\a\glazewm\glazewm\GlazeWM.Domain\UserConfigs\CommandHandlers\EvaluateUserConfigHandler.cs:line 109
   at GlazeWM.Domain.UserConfigs.CommandHandlers.EvaluateUserConfigHandler.Handle(EvaluateUserConfigCommand command) in D:\a\glazewm\glazewm\GlazeWM.Domain\UserConfigs\CommandHandlers\EvaluateUserConfigHandler.cs:line 49
   at GlazeWM.Infrastructure.Bussing.Bus.Invoke[T](T command) in D:\a\glazewm\glazewm\GlazeWM.Infrastructure\Bussing\Bus.cs:line 41
   at GlazeWM.Domain.Common.CommandHandlers.PopulateInitialStateHandler.Handle(PopulateInitialStateCommand command) in D:\a\glazewm\glazewm\GlazeWM.Domain\Common\CommandHandlers\PopulateInitialStateHandler.cs:line 41
   at GlazeWM.Infrastructure.Bussing.Bus.Invoke[T](T command) in D:\a\glazewm\glazewm\GlazeWM.Infrastructure\Bussing\Bus.cs:line 41
   at GlazeWM.App.WindowManager.WmStartup.Run()
Command history: HandleFatalExceptionCommand, EvaluateUserConfigCommand, PopulateInitialStateCommand 
State dump: {"id":"5d76bdd8-880a-48de-b111-d4699730d54f","x":0,"y":0,"width":0,"height":0,"type":"root","focus_index":0,"children":[]}

4/1/2024 9:09:16 PM
GlazeWM.Infrastructure.Exceptions.FatalUserException: Failed to parse user config. (Line: 95, Col: 3, Idx: 2619) - (Line: 95, Col: 3, Idx: 2619): While parsing a block collection, did not find expected '-' indicator.
   at GlazeWM.Domain.UserConfigs.CommandHandlers.EvaluateUserConfigHandler.DeserializeUserConfig(String userConfigPath) in D:\a\glazewm\glazewm\GlazeWM.Domain\UserConfigs\CommandHandlers\EvaluateUserConfigHandler.cs:line 109
   at GlazeWM.Domain.UserConfigs.CommandHandlers.EvaluateUserConfigHandler.Handle(EvaluateUserConfigCommand command) in D:\a\glazewm\glazewm\GlazeWM.Domain\UserConfigs\CommandHandlers\EvaluateUserConfigHandler.cs:line 49
   at GlazeWM.Infrastructure.Bussing.Bus.Invoke[T](T command) in D:\a\glazewm\glazewm\GlazeWM.Infrastructure\Bussing\Bus.cs:line 48
   at GlazeWM.Domain.UserConfigs.CommandHandlers.ReloadUserConfigHandler.Handle(ReloadUserConfigCommand command) in D:\a\glazewm\glazewm\GlazeWM.Domain\UserConfigs\CommandHandlers\ReloadUserConfigHandler.cs:line 35
   at GlazeWM.Infrastructure.Bussing.Bus.Invoke[T](T command) in D:\a\glazewm\glazewm\GlazeWM.Infrastructure\Bussing\Bus.cs:line 48
   at CallSite.Target(Closure, CallSite, Bus, Object)
   at System.Dynamic.UpdateDelegates.UpdateAndExecuteVoid2[T0,T1](CallSite site, T0 arg0, T1 arg1)
   at GlazeWM.Domain.UserConfigs.CommandHandlers.RunWithSubjectContainerHandler.Handle(RunWithSubjectContainerCommand command) in D:\a\glazewm\glazewm\GlazeWM.Domain\UserConfigs\CommandHandlers\RunWithSubjectContainerHandler.cs:line 28
   at GlazeWM.Infrastructure.Bussing.Bus.Invoke[T](T command) in D:\a\glazewm\glazewm\GlazeWM.Infrastructure\Bussing\Bus.cs:line 48
   at GlazeWM.Domain.UserConfigs.CommandHandlers.RegisterKeybindingsHandler.<>c__DisplayClass4_0.<Handle>b__1() in D:\a\glazewm\glazewm\GlazeWM.Domain\UserConfigs\CommandHandlers\RegisterKeybindingsHandler.cs:line 55
Command history: HandleFatalExceptionCommand, EvaluateUserConfigCommand, ReloadUserConfigCommand, RunWithSubjectContainerCommand, SetActiveWindowBorderCommand, SetFocusedDescendantCommand, RedrawContainersCommand, ResizeContainerCommand, AttachContainerCommand, DetachContainerCommand, MoveContainerWithinTreeCommand, ReplaceContainerCommand, SetActiveWindowBorderCommand, SetFocusedDescendantCommand, SetActiveWindowBorderCommand 
State dump: {"id":"678cb308-4a9c-406c-b3d6-ee0acbc49b5f","x":0,"y":0,"width":0,"height":0,"type":"root","focus_index":0,"children":[{"device_name":"\\\\.\\DISPLAY1","id":"5e215bd5-d6a0-4452-8f97-8e0d46c3328e","x":0,"y":0,"width":1920,"height":1032,"type":"monitor","focus_index":0,"children":[{"tiling_direction":"horizontal","size_percentage":1,"name":"1","id":"85fda785-2a46-4caf-ab7d-b0ff56650f46","x":1,"y":32,"width":1918,"height":999,"type":"workspace","focus_index":0,"children":[{"floating_placement":{"left":-6,"top":32,"right":967,"bottom":1038,"x":-6,"y":32,"width":973,"height":1006},"border_delta":{"left":7,"top":0,"right":7,"bottom":7},"handle":985498,"size_percentage":0.5,"id":"c94e2e1c-53e6-4d58-8c3b-e21143531cb4","x":1,"y":32,"width":959,"height":999,"type":"window","focus_index":1,"children":[]},{"floating_placement":{"left":953,"top":32,"right":1926,"bottom":1038,"x":953,"y":32,"width":973,"height":1006},"border_delta":{"left":7,"top":0,"right":7,"bottom":7},"handle":1247356,"previous_state":"tiling","id":"b172632a-4732-4a14-b935-79f8314d31ff","x":0,"y":0,"width":0,"height":0,"type":"window","focus_index":2,"children":[]},{"floating_placement":{"left":1,"top":32,"right":1919,"bottom":1031,"x":1,"y":32,"width":1918,"height":999},"border_delta":{"left":0,"top":0,"right":0,"bottom":0},"handle":134318,"size_percentage":0.5,"id":"eee9e463-95a3-41a4-b126-6bd8c3fbd638","x":960,"y":32,"width":959,"height":999,"type":"window","focus_index":0,"children":[]}]}]}]}

4/1/2024 9:09:34 PM
GlazeWM.Infrastructure.Exceptions.FatalUserException: Failed to parse user config. (Line: 95, Col: 3, Idx: 2619) - (Line: 95, Col: 3, Idx: 2619): While parsing a block collection, did not find expected '-' indicator.
   at GlazeWM.Domain.UserConfigs.CommandHandlers.EvaluateUserConfigHandler.DeserializeUserConfig(String userConfigPath) in D:\a\glazewm\glazewm\GlazeWM.Domain\UserConfigs\CommandHandlers\EvaluateUserConfigHandler.cs:line 109
   at GlazeWM.Domain.UserConfigs.CommandHandlers.EvaluateUserConfigHandler.Handle(EvaluateUserConfigCommand command) in D:\a\glazewm\glazewm\GlazeWM.Domain\UserConfigs\CommandHandlers\EvaluateUserConfigHandler.cs:line 49
   at GlazeWM.Infrastructure.Bussing.Bus.Invoke[T](T command) in D:\a\glazewm\glazewm\GlazeWM.Infrastructure\Bussing\Bus.cs:line 41
   at GlazeWM.Domain.Common.CommandHandlers.PopulateInitialStateHandler.Handle(PopulateInitialStateCommand command) in D:\a\glazewm\glazewm\GlazeWM.Domain\Common\CommandHandlers\PopulateInitialStateHandler.cs:line 41
   at GlazeWM.Infrastructure.Bussing.Bus.Invoke[T](T command) in D:\a\glazewm\glazewm\GlazeWM.Infrastructure\Bussing\Bus.cs:line 41
   at GlazeWM.App.WindowManager.WmStartup.Run()
Command history: HandleFatalExceptionCommand, EvaluateUserConfigCommand, PopulateInitialStateCommand 
State dump: {"id":"b1d9488c-07c9-4180-a6aa-04be5f4e0f98","x":0,"y":0,"width":0,"height":0,"type":"root","focus_index":0,"children":[]}

4/1/2024 10:31:52 PM
GlazeWM.Infrastructure.Exceptions.FatalUserException: Failed to parse user config. (Line: 111, Col: 1, Idx: 3382) - (Line: 111, Col: 2, Idx: 3383): While parsing a block mapping, did not find expected key.
   at GlazeWM.Domain.UserConfigs.CommandHandlers.EvaluateUserConfigHandler.DeserializeUserConfig(String userConfigPath) in D:\a\glazewm\glazewm\GlazeWM.Domain\UserConfigs\CommandHandlers\EvaluateUserConfigHandler.cs:line 109
   at GlazeWM.Domain.UserConfigs.CommandHandlers.EvaluateUserConfigHandler.Handle(EvaluateUserConfigCommand command) in D:\a\glazewm\glazewm\GlazeWM.Domain\UserConfigs\CommandHandlers\EvaluateUserConfigHandler.cs:line 49
   at GlazeWM.Infrastructure.Bussing.Bus.Invoke[T](T command) in D:\a\glazewm\glazewm\GlazeWM.Infrastructure\Bussing\Bus.cs:line 48
   at GlazeWM.Domain.UserConfigs.CommandHandlers.ReloadUserConfigHandler.Handle(ReloadUserConfigCommand command) in D:\a\glazewm\glazewm\GlazeWM.Domain\UserConfigs\CommandHandlers\ReloadUserConfigHandler.cs:line 35
   at GlazeWM.Infrastructure.Bussing.Bus.Invoke[T](T command) in D:\a\glazewm\glazewm\GlazeWM.Infrastructure\Bussing\Bus.cs:line 48
   at CallSite.Target(Closure, CallSite, Bus, Object)
   at System.Dynamic.UpdateDelegates.UpdateAndExecuteVoid2[T0,T1](CallSite site, T0 arg0, T1 arg1)
   at GlazeWM.Domain.UserConfigs.CommandHandlers.RunWithSubjectContainerHandler.Handle(RunWithSubjectContainerCommand command) in D:\a\glazewm\glazewm\GlazeWM.Domain\UserConfigs\CommandHandlers\RunWithSubjectContainerHandler.cs:line 53
   at GlazeWM.Infrastructure.Bussing.Bus.Invoke[T](T command) in D:\a\glazewm\glazewm\GlazeWM.Infrastructure\Bussing\Bus.cs:line 48
   at GlazeWM.Domain.UserConfigs.CommandHandlers.RegisterKeybindingsHandler.<>c__DisplayClass4_0.<Handle>b__1() in D:\a\glazewm\glazewm\GlazeWM.Domain\UserConfigs\CommandHandlers\RegisterKeybindingsHandler.cs:line 55
Command history: HandleFatalExceptionCommand, EvaluateUserConfigCommand, ReloadUserConfigCommand, RunWithSubjectContainerCommand, SetActiveWindowBorderCommand, SetFocusedDescendantCommand, SetActiveWindowBorderCommand, SyncNativeFocusCommand, RedrawContainersCommand, SetFocusedDescendantCommand, ReplaceContainerCommand, ResizeContainerCommand, AttachContainerCommand, DetachContainerCommand, MoveContainerWithinTreeCommand 
State dump: {"id":"f919766d-291d-4b66-8f95-80d7b9998807","x":0,"y":0,"width":0,"height":0,"type":"root","focus_index":0,"children":[{"device_name":"\\\\.\\DISPLAY1","id":"b48fd548-5d9c-4e90-94a2-2cf42d897746","x":0,"y":0,"width":1920,"height":1032,"type":"monitor","focus_index":0,"children":[{"tiling_direction":"horizontal","size_percentage":1,"name":"1","id":"c62a4775-a4fd-4f2c-a1fb-0b343ea41ad8","x":1,"y":32,"width":1918,"height":999,"type":"workspace","focus_index":0,"children":[{"floating_placement":{"left":953,"top":32,"right":1926,"bottom":1038,"x":953,"y":32,"width":973,"height":1006},"border_delta":{"left":7,"top":0,"right":7,"bottom":7},"handle":855218,"previous_state":"tiling","id":"77689775-4c2e-44fc-8ed4-201888c41ab7","x":0,"y":0,"width":0,"height":0,"type":"window","focus_index":4,"children":[]},{"floating_placement":{"left":1,"top":32,"right":1919,"bottom":1031,"x":1,"y":32,"width":1918,"height":999},"border_delta":{"left":0,"top":0,"right":0,"bottom":0},"handle":2296672,"size_percentage":0.5,"id":"5f552148-dbbe-4113-97e6-77cc58e207f3","x":1,"y":32,"width":959,"height":999,"type":"window","focus_index":0,"children":[]},{"floating_placement":{"left":442,"top":168,"right":1391,"bottom":863,"x":442,"y":168,"width":949,"height":695},"border_delta":{"left":7,"top":0,"right":7,"bottom":7},"handle":593194,"previous_state":"floating","id":"2e624fce-dab7-43a9-b652-dfa8584900e4","x":0,"y":0,"width":0,"height":0,"type":"window","focus_index":3,"children":[]},{"floating_placement":{"left":953,"top":32,"right":1926,"bottom":1038,"x":953,"y":32,"width":973,"height":1006},"border_delta":{"left":7,"top":0,"right":7,"bottom":7},"handle":3934122,"size_percentage":0.5,"id":"a094daf2-bbce-47d8-975a-fe8bb5125a8b","x":960,"y":32,"width":959,"height":999,"type":"window","focus_index":1,"children":[]},{"floating_placement":{"left":953,"top":32,"right":1926,"bottom":1038,"x":953,"y":32,"width":973,"height":1006},"border_delta":{"left":7,"top":0,"right":7,"bottom":7},"handle":1247356,"previous_state":"tiling","id":"56030c39-e6c4-4816-9dde-d05ca6103ea5","x":0,"y":0,"width":0,"height":0,"type":"window","focus_index":2,"children":[]}]}]}]}

4/1/2024 10:45:59 PM
GlazeWM.Infrastructure.Exceptions.FatalUserException: Failed to parse user config. At least 1 matching regex (eg. 'match_process_name') is required in window rule config.
   at GlazeWM.Domain.UserConfigs.CommandHandlers.EvaluateUserConfigHandler.ValidateDeserializedConfig(UserConfig deserializedConfig) in D:\a\glazewm\glazewm\GlazeWM.Domain\UserConfigs\CommandHandlers\EvaluateUserConfigHandler.cs:line 209
   at GlazeWM.Domain.UserConfigs.CommandHandlers.EvaluateUserConfigHandler.Handle(EvaluateUserConfigCommand command) in D:\a\glazewm\glazewm\GlazeWM.Domain\UserConfigs\CommandHandlers\EvaluateUserConfigHandler.cs:line 58
   at GlazeWM.Infrastructure.Bussing.Bus.Invoke[T](T command) in D:\a\glazewm\glazewm\GlazeWM.Infrastructure\Bussing\Bus.cs:line 48
   at GlazeWM.Domain.UserConfigs.CommandHandlers.ReloadUserConfigHandler.Handle(ReloadUserConfigCommand command) in D:\a\glazewm\glazewm\GlazeWM.Domain\UserConfigs\CommandHandlers\ReloadUserConfigHandler.cs:line 35
   at GlazeWM.Infrastructure.Bussing.Bus.Invoke[T](T command) in D:\a\glazewm\glazewm\GlazeWM.Infrastructure\Bussing\Bus.cs:line 48
   at CallSite.Target(Closure, CallSite, Bus, Object)
   at System.Dynamic.UpdateDelegates.UpdateAndExecuteVoid2[T0,T1](CallSite site, T0 arg0, T1 arg1)
   at GlazeWM.Domain.UserConfigs.CommandHandlers.RunWithSubjectContainerHandler.Handle(RunWithSubjectContainerCommand command) in D:\a\glazewm\glazewm\GlazeWM.Domain\UserConfigs\CommandHandlers\RunWithSubjectContainerHandler.cs:line 28
   at GlazeWM.Infrastructure.Bussing.Bus.Invoke[T](T command) in D:\a\glazewm\glazewm\GlazeWM.Infrastructure\Bussing\Bus.cs:line 48
   at GlazeWM.Domain.UserConfigs.CommandHandlers.RegisterKeybindingsHandler.<>c__DisplayClass4_0.<Handle>b__1() in D:\a\glazewm\glazewm\GlazeWM.Domain\UserConfigs\CommandHandlers\RegisterKeybindingsHandler.cs:line 55
Command history: HandleFatalExceptionCommand, EvaluateUserConfigCommand, ReloadUserConfigCommand, RunWithSubjectContainerCommand, RedrawContainersCommand, ResizeContainerCommand, AttachContainerCommand, DetachContainerCommand, MoveContainerWithinTreeCommand, ReplaceContainerCommand, SetActiveWindowBorderCommand, SetFocusedDescendantCommand, SetActiveWindowBorderCommand, SyncNativeFocusCommand, RedrawContainersCommand 
State dump: {"id":"e5588630-51de-4a17-8b4b-c1e46afb2d57","x":0,"y":0,"width":0,"height":0,"type":"root","focus_index":0,"children":[{"device_name":"\\\\.\\DISPLAY1","id":"3149d14d-0d43-4fd8-973f-3c051d131770","x":0,"y":0,"width":1920,"height":1032,"type":"monitor","focus_index":0,"children":[{"tiling_direction":"horizontal","size_percentage":1,"name":"1","id":"77356db0-d681-410b-825e-8b430ad8f1d7","x":1,"y":32,"width":1918,"height":999,"type":"workspace","focus_index":0,"children":[{"floating_placement":{"left":953,"top":32,"right":1926,"bottom":1038,"x":953,"y":32,"width":973,"height":1006},"border_delta":{"left":7,"top":0,"right":7,"bottom":7},"handle":855218,"previous_state":"tiling","id":"25d79dff-3de4-4faf-9f2e-279ad7b20524","x":0,"y":0,"width":0,"height":0,"type":"window","focus_index":4,"children":[]},{"floating_placement":{"left":633,"top":32,"right":1286,"bottom":1038,"x":633,"y":32,"width":653,"height":1006},"border_delta":{"left":7,"top":0,"right":7,"bottom":7},"handle":1247356,"size_percentage":0.49999999999999956,"id":"cb3d3879-ad3b-43f6-936a-845f8fcff370","x":1,"y":32,"width":958,"height":999,"type":"window","focus_index":1,"children":[]},{"floating_placement":{"left":953,"top":32,"right":1926,"bottom":1038,"x":953,"y":32,"width":973,"height":1006},"border_delta":{"left":7,"top":0,"right":7,"bottom":7},"handle":3934122,"previous_state":"tiling","id":"be2e3e52-1c6e-482b-b77a-ca39e8eb9f49","x":0,"y":0,"width":0,"height":0,"type":"window","focus_index":3,"children":[]},{"floating_placement":{"left":960,"top":32,"right":1919,"bottom":1031,"x":960,"y":32,"width":959,"height":999},"border_delta":{"left":0,"top":0,"right":0,"bottom":0},"handle":1182506,"size_percentage":0.5,"id":"11e06108-9241-4be4-be68-98340af0bf9e","x":959,"y":32,"width":959,"height":999,"type":"window","focus_index":0,"children":[]},{"floating_placement":{"left":953,"top":32,"right":1926,"bottom":1038,"x":953,"y":32,"width":973,"height":1006},"border_delta":{"left":7,"top":0,"right":7,"bottom":7},"handle":4000366,"previous_state":"tiling","id":"bcdcd0de-32d6-4535-9233-94f7b35c31ce","x":0,"y":0,"width":0,"height":0,"type":"window","focus_index":2,"children":[]}]}]}]}

4/1/2024 10:46:45 PM
GlazeWM.Infrastructure.Exceptions.FatalUserException: Failed to parse user config. At least 1 matching regex (eg. 'match_process_name') is required in window rule config.
   at GlazeWM.Domain.UserConfigs.CommandHandlers.EvaluateUserConfigHandler.ValidateDeserializedConfig(UserConfig deserializedConfig) in D:\a\glazewm\glazewm\GlazeWM.Domain\UserConfigs\CommandHandlers\EvaluateUserConfigHandler.cs:line 209
   at GlazeWM.Domain.UserConfigs.CommandHandlers.EvaluateUserConfigHandler.Handle(EvaluateUserConfigCommand command) in D:\a\glazewm\glazewm\GlazeWM.Domain\UserConfigs\CommandHandlers\EvaluateUserConfigHandler.cs:line 58
   at GlazeWM.Infrastructure.Bussing.Bus.Invoke[T](T command) in D:\a\glazewm\glazewm\GlazeWM.Infrastructure\Bussing\Bus.cs:line 41
   at GlazeWM.Domain.Common.CommandHandlers.PopulateInitialStateHandler.Handle(PopulateInitialStateCommand command) in D:\a\glazewm\glazewm\GlazeWM.Domain\Common\CommandHandlers\PopulateInitialStateHandler.cs:line 41
   at GlazeWM.Infrastructure.Bussing.Bus.Invoke[T](T command) in D:\a\glazewm\glazewm\GlazeWM.Infrastructure\Bussing\Bus.cs:line 41
   at GlazeWM.App.WindowManager.WmStartup.Run()
Command history: HandleFatalExceptionCommand, EvaluateUserConfigCommand, PopulateInitialStateCommand 
State dump: {"id":"f22a9f15-51ae-491e-829c-e325940da2e7","x":0,"y":0,"width":0,"height":0,"type":"root","focus_index":0,"children":[]}

4/2/2024 2:44:48 AM
GlazeWM.Infrastructure.Exceptions.FatalUserException: Failed to parse user config. (Line: 131, Col: 15, Idx: 3886) - (Line: 131, Col: 49, Idx: 3920): While parsing a block mapping, did not find expected key.
   at GlazeWM.Domain.UserConfigs.CommandHandlers.EvaluateUserConfigHandler.DeserializeUserConfig(String userConfigPath) in D:\a\glazewm\glazewm\GlazeWM.Domain\UserConfigs\CommandHandlers\EvaluateUserConfigHandler.cs:line 109
   at GlazeWM.Domain.UserConfigs.CommandHandlers.EvaluateUserConfigHandler.Handle(EvaluateUserConfigCommand command) in D:\a\glazewm\glazewm\GlazeWM.Domain\UserConfigs\CommandHandlers\EvaluateUserConfigHandler.cs:line 63
   at GlazeWM.Infrastructure.Bussing.Bus.Invoke[T](T command) in D:\a\glazewm\glazewm\GlazeWM.Infrastructure\Bussing\Bus.cs:line 48
   at GlazeWM.Domain.UserConfigs.CommandHandlers.ReloadUserConfigHandler.Handle(ReloadUserConfigCommand command) in D:\a\glazewm\glazewm\GlazeWM.Domain\UserConfigs\CommandHandlers\ReloadUserConfigHandler.cs:line 55
   at GlazeWM.Infrastructure.Bussing.Bus.Invoke[T](T command) in D:\a\glazewm\glazewm\GlazeWM.Infrastructure\Bussing\Bus.cs:line 48
   at CallSite.Target(Closure, CallSite, Bus, Object)
   at System.Dynamic.UpdateDelegates.UpdateAndExecuteVoid2[T0,T1](CallSite site, T0 arg0, T1 arg1)
   at GlazeWM.Domain.UserConfigs.CommandHandlers.RunWithSubjectContainerHandler.Handle(RunWithSubjectContainerCommand command) in D:\a\glazewm\glazewm\GlazeWM.Domain\UserConfigs\CommandHandlers\RunWithSubjectContainerHandler.cs:line 28
   at GlazeWM.Infrastructure.Bussing.Bus.Invoke[T](T command) in D:\a\glazewm\glazewm\GlazeWM.Infrastructure\Bussing\Bus.cs:line 48
   at GlazeWM.Domain.UserConfigs.CommandHandlers.RegisterKeybindingsHandler.<>c__DisplayClass4_0.<Handle>b__1() in D:\a\glazewm\glazewm\GlazeWM.Domain\UserConfigs\CommandHandlers\RegisterKeybindingsHandler.cs:line 63
Command history: HandleFatalExceptionCommand, EvaluateUserConfigCommand, ReloadUserConfigCommand, RunWithSubjectContainerCommand, SetActiveWindowBorderCommand, SyncNativeFocusCommand, RedrawContainersCommand, SetFocusedDescendantCommand, ReplaceContainerCommand, SetActiveWindowBorderCommand, SetFocusedDescendantCommand, SyncNativeFocusCommand, RedrawContainersCommand, ReplaceContainerCommand, AttachContainerCommand 
State dump: {"id":"6ff62881-7ae6-44fa-92d7-13a5df38f0b3","x":0,"y":0,"width":0,"height":0,"type":"root","focus_index":0,"children":[{"device_name":"\\\\.\\DISPLAY1","id":"2be720ca-c9b6-4e8f-8069-9b80e0af2acf","x":0,"y":0,"width":1920,"height":1032,"type":"monitor","focus_index":0,"children":[{"tiling_direction":"horizontal","size_percentage":1,"name":"1","id":"2ad78d01-a7a4-439a-b934-c1a6aff90234","x":1,"y":32,"width":1918,"height":999,"type":"workspace","focus_index":0,"children":[{"floating_placement":{"left":474,"top":28,"right":1447,"bottom":1034,"x":474,"y":28,"width":973,"height":1006},"border_delta":{"left":7,"top":0,"right":7,"bottom":7},"handle":1770338,"previous_state":"tiling","id":"3abed066-5472-41f4-b969-50d4d5559caf","x":0,"y":0,"width":0,"height":0,"type":"window","focus_index":6,"children":[]},{"floating_placement":{"left":0,"top":-9,"right":1920,"bottom":1071,"x":0,"y":-9,"width":1920,"height":1080},"border_delta":{"left":7,"top":0,"right":7,"bottom":7},"handle":1837664,"previous_state":"floating","id":"0a1b81eb-0ff9-49cb-afde-280c31fa2512","x":0,"y":0,"width":0,"height":0,"type":"window","focus_index":4,"children":[]},{"floating_placement":{"left":-6,"top":32,"right":967,"bottom":1038,"x":-6,"y":32,"width":973,"height":1006},"border_delta":{"left":7,"top":0,"right":7,"bottom":7},"handle":66600,"previous_state":"tiling","id":"8a702a52-cc40-4575-adb1-66a2801e7909","x":0,"y":0,"width":0,"height":0,"type":"window","focus_index":5,"children":[]},{"floating_placement":{"left":474,"top":28,"right":1447,"bottom":1034,"x":474,"y":28,"width":973,"height":1006},"border_delta":{"left":7,"top":0,"right":7,"bottom":7},"handle":197744,"previous_state":"tiling","id":"90818d70-7651-41da-a4a3-9109f8540565","x":0,"y":0,"width":0,"height":0,"type":"window","focus_index":3,"children":[]},{"floating_placement":{"left":641,"top":32,"right":1280,"bottom":1031,"x":641,"y":32,"width":639,"height":999},"border_delta":{"left":0,"top":0,"right":0,"bottom":0},"handle":264694,"size_percentage":1,"id":"8affdcd7-839e-40fa-bad6-458c554070d3","x":1,"y":32,"width":1918,"height":999,"type":"window","focus_index":0,"children":[]},{"floating_placement":{"left":0,"top":26,"right":1412,"bottom":1032,"x":0,"y":26,"width":1412,"height":1006},"border_delta":{"left":7,"top":0,"right":7,"bottom":7},"handle":4458992,"previous_state":"tiling","id":"7dc219dd-0f6c-45df-8742-b26ae157a188","x":0,"y":0,"width":0,"height":0,"type":"window","focus_index":2,"children":[]},{"floating_placement":{"left":486,"top":184,"right":1435,"bottom":879,"x":486,"y":184,"width":949,"height":695},"border_delta":{"left":7,"top":0,"right":7,"bottom":7},"handle":329684,"previous_state":"floating","id":"869933c2-0acc-49bc-b16a-84da4912a6f1","x":0,"y":0,"width":0,"height":0,"type":"window","focus_index":1,"children":[]}]}]}]}

