2024-04-14 09:19:54 INFO log.py: Yasb - Yet Another Status Bar
2024-04-14 09:19:55 ERROR errorhandler.py: Property: Invalid value for "CSS Level 2.1" property: 5 5 5 5 [163:1: padding]
2024-04-14 09:19:55 ERROR errorhandler.py: Property: Invalid value for "CSS Level 2.1" property: 5 5 5 5 [164:1: margin]
2024-04-14 09:20:06 INFO bar_manager.py: Starting SystemEventListener...
2024-04-14 09:20:06 INFO bar_manager.py: Starting KomorebiEventListener...
2024-04-14 09:20:06 INFO event_listener.py: Created named pipe yasb-e4269388-fa0d-11ee-be69-a85e4555ad30
2024-04-14 09:20:06 INFO event_listener.py: Waiting for Komorebi to subscribe to named pipe yasb-e4269388-fa0d-11ee-be69-a85e4555ad30
2024-04-14 09:20:06 INFO watcher.py: Created file watcher for path C:\Users\nahid\.yasb
2024-04-14 09:20:06 INFO event_listener.py: Komorebi connected to named pipe: yasb-e4269388-fa0d-11ee-be69-a85e4555ad30
2024-04-14 09:24:13 ERROR base.py: Failed to execute callback of type 'launch_applist' with args: []
Traceback (most recent call last):
  File "C:\Users\nahid\.yasb\core\widgets\base.py", line 84, in _run_callback
    self.callbacks[callback_type](*callback_args)
    ~~~~~~~~~~~~~~^^^^^^^^^^^^^^^
KeyError: 'launch_applist'
2024-04-14 09:24:26 ERROR base.py: Failed to execute callback of type 'launch_appstore' with args: []
Traceback (most recent call last):
  File "C:\Users\nahid\.yasb\core\widgets\base.py", line 84, in _run_callback
    self.callbacks[callback_type](*callback_args)
    ~~~~~~~~~~~~~~^^^^^^^^^^^^^^^
KeyError: 'launch_appstore'
2024-04-14 09:24:28 ERROR base.py: Failed to execute callback of type 'launch_appstore' with args: []
Traceback (most recent call last):
  File "C:\Users\nahid\.yasb\core\widgets\base.py", line 84, in _run_callback
    self.callbacks[callback_type](*callback_args)
    ~~~~~~~~~~~~~~^^^^^^^^^^^^^^^
KeyError: 'launch_appstore'
